<?xml version="1.0" encoding="UTF-8"?>
<!-- Generated by org.testng.reporters.JUnitReportReporter -->
<testsuite hostname="DESKTOP-IKD2D8I" failures="0" tests="1" name="com.CRONOS.OpportunitiesModule.CreateCampaignTest" time="10.341" errors="0" timestamp="2024-06-04T10:40:39 IST" skipped="0">
  <testcase classname="com.CRONOS.OpportunitiesModule.CreateCampaignTest" name="createCampaign" time="10.341"/>
  <system-out/>
</testsuite> <!-- com.CRONOS.OpportunitiesModule.CreateCampaignTest -->
