<?xml version="1.0" encoding="UTF-8"?>
<!-- Generated by org.testng.reporters.JUnitReportReporter -->
<testsuite hostname="DESKTOP-IKD2D8I" failures="0" tests="1" name="com.CRONOS.OpportunitiesModule.CampaignSearchDeleteTest" time="13.045" errors="0" timestamp="2024-06-04T10:41:35 IST" skipped="0">
  <testcase classname="com.CRONOS.OpportunitiesModule.CampaignSearchDeleteTest" name="CampaignSearchDelete" time="13.045"/>
  <system-out/>
</testsuite> <!-- com.CRONOS.OpportunitiesModule.CampaignSearchDeleteTest -->
