<?xml version="1.0" encoding="UTF-8"?>
<!-- Generated by org.testng.reporters.JUnitReportReporter -->
<testsuite hostname="DESKTOP-IKD2D8I" failures="0" tests="1" name="com.CRONOS.OpportunitiesModule.VerifyOpportunityNameTextFieldTest" time="15.528" errors="0" timestamp="2024-06-04T10:43:17 IST" skipped="0">
  <testcase classname="com.CRONOS.OpportunitiesModule.VerifyOpportunityNameTextFieldTest" name="VerifyOpportunityNameTextField" time="15.528"/>
  <system-out/>
</testsuite> <!-- com.CRONOS.OpportunitiesModule.VerifyOpportunityNameTextFieldTest -->
