<?xml version="1.0" encoding="UTF-8"?>
<!-- Generated by org.testng.reporters.JUnitReportReporter -->
<testsuite hostname="DESKTOP-IKD2D8I" failures="0" tests="1" name="com.CRONOS.OpportunitiesModule.CreateProductWithVendorTest" time="16.747" errors="0" timestamp="2024-06-04T10:42:44 IST" skipped="0">
  <testcase classname="com.CRONOS.OpportunitiesModule.CreateProductWithVendorTest" name="CreateProductWithVendor" time="16.747"/>
  <system-out/>
</testsuite> <!-- com.CRONOS.OpportunitiesModule.CreateProductWithVendorTest -->
